<?xml version="1.0" encoding="UTF-8"?>
<testsuite name="com.javakaian.shooter.utils.GameStatsConcurrencyTest" tests="2" skipped="0" failures="0" errors="0" timestamp="2025-10-15T08:13:51" hostname="DESKTOP-FDV9AKV" time="0.086">
  <properties/>
  <testcase name="concurrentUpdatesAccumulateWithoutLostWrites()" classname="com.javakaian.shooter.utils.GameStatsConcurrencyTest" time="0.074"/>
  <testcase name="concurrentGetInstanceReturnsOnlyOneSingleton()" classname="com.javakaian.shooter.utils.GameStatsConcurrencyTest" time="0.01"/>
  <system-out><![CDATA[]]></system-out>
  <system-err><![CDATA[]]></system-err>
</testsuite>
